<?xml version="1.0" encoding="utf-8"?><testsuites name="pytest tests"><testsuite name="pytest" errors="0" failures="0" skipped="0" tests="20" time="2.341" timestamp="2026-05-29T10:24:42.939074+00:00" hostname="agent-env-1a35e7f4-4af9-4e91-8e36-3a86d63213b6"><testcase classname="backend.tests.test_tracker" name="test_meta" time="0.135" /><testcase classname="backend.tests.test_tracker" name="test_zz_setup_clean" time="0.052" /><testcase classname="backend.tests.test_tracker" name="test_andrews_own_service_no_discount" time="0.053" /><testcase classname="backend.tests.test_tracker" name="test_andrews_other_service_20" time="0.047" /><testcase classname="backend.tests.test_tracker" name="test_bone_other_service_20" time="0.044" /><testcase classname="backend.tests.test_tracker" name="test_bone_own_service_no_discount" time="0.046" /><testcase classname="backend.tests.test_tracker" name="test_invalid_base_price_zero" time="0.046" /><testcase classname="backend.tests.test_tracker" name="test_invalid_base_price_negative" time="0.042" /><testcase classname="backend.tests.test_tracker" name="test_invalid_user" time="0.042" /><testcase classname="backend.tests.test_tracker" name="test_invalid_service" time="0.042" /><testcase classname="backend.tests.test_tracker" name="test_list_jobs_sorted_desc_excludes_archived" time="0.045" /><testcase classname="backend.tests.test_tracker" name="test_list_jobs_filter_by_month" time="0.044" /><testcase classname="backend.tests.test_tracker" name="test_summary_current_month" time="0.043" /><testcase classname="backend.tests.test_tracker" name="test_summary_crafted_andrews_creditor" time="0.269" /><testcase classname="backend.tests.test_tracker" name="test_summary_equal_totals" time="0.279" /><testcase classname="backend.tests.test_tracker" name="test_delete_job_and_reflect" time="0.132" /><testcase classname="backend.tests.test_tracker" name="test_delete_unknown_404" time="0.044" /><testcase classname="backend.tests.test_tracker" name="test_archive_month" time="0.223" /><testcase classname="backend.tests.test_tracker" name="test_months_includes_current_desc" time="0.045" /><testcase classname="backend.tests.test_tracker" name="test_no_objectid_leakage" time="0.579" /></testsuite></testsuites>